# JRE version: OpenJDK Runtime Environment (8.0_152-b02) (build 1.8.0_152-release-1024-b02)
# Java VM: OpenJDK 64-Bit Server VM (25.152-b02 mixed mode windows-amd64 compressed oops)
Heap:
 PSYoungGen      total 117760K, used 49527K [0x00000000e0000000, 0x00000000e9180000, 0x0000000100000000)
  eden space 107520K, 46% used [0x00000000e0000000,0x00000000e305dc18,0x00000000e6900000)
  from space 10240K, 0% used [0x00000000e7d80000,0x00000000e7d80000,0x00000000e8780000)
  to   space 7680K, 0% used [0x00000000e8a00000,0x00000000e8a00000,0x00000000e9180000)
 ParOldGen       total 56832K, used 19220K [0x00000000a0000000, 0x00000000a3780000, 0x00000000e0000000)
  object space 56832K, 33% used [0x00000000a0000000,0x00000000a12c51c8,0x00000000a3780000)
 Metaspace       used 36677K, capacity 37262K, committed 37504K, reserved 1081344K
  class space    used 5033K, capacity 5233K, committed 5248K, reserved 1048576K
GC Heap History (10 events):
Event: 5.513 GC heap before
{Heap before GC invocations=5 (full 0):
 PSYoungGen      total 70656K, used 20087K [0x00000000e0000000, 0x00000000e4a00000, 0x0000000100000000)
  eden space 65536K, 22% used [0x00000000e0000000,0x00000000e0ea1e80,0x00000000e4000000)
  from space 5120K, 99% used [0x00000000e4500000,0x00000000e49fc050,0x00000000e4a00000)
  to   space 5120K, 0% used [0x00000000e4000000,0x00000000e4000000,0x00000000e4500000)
 ParOldGen       total 86016K, used 5590K [0x00000000a0000000, 0x00000000a5400000, 0x00000000e0000000)
  object space 86016K, 6% used [0x00000000a0000000,0x00000000a05759f0,0x00000000a5400000)
 Metaspace       used 20859K, capacity 21232K, committed 21248K, reserved 1067008K
  class space    used 2914K, capacity 3070K, committed 3072K, reserved 1048576K
Event: 5.524 GC heap after
Heap after GC invocations=5 (full 0):
 PSYoungGen      total 70656K, used 5088K [0x00000000e0000000, 0x00000000e9400000, 0x0000000100000000)
  eden space 65536K, 0% used [0x00000000e0000000,0x00000000e0000000,0x00000000e4000000)
  from space 5120K, 99% used [0x00000000e4000000,0x00000000e44f8050,0x00000000e4500000)
  to   space 10240K, 0% used [0x00000000e8a00000,0x00000000e8a00000,0x00000000e9400000)
 ParOldGen       total 86016K, used 8331K [0x00000000a0000000, 0x00000000a5400000, 0x00000000e0000000)
  object space 86016K, 9% used [0x00000000a0000000,0x00000000a0822fc0,0x00000000a5400000)
 Metaspace       used 20859K, capacity 21232K, committed 21248K, reserved 1067008K
  class space    used 2914K, capacity 3070K, committed 3072K, reserved 1048576K
}
Event: 5.524 GC heap before
{Heap before GC invocations=6 (full 1):
 PSYoungGen      total 70656K, used 5088K [0x00000000e0000000, 0x00000000e9400000, 0x0000000100000000)
  eden space 65536K, 0% used [0x00000000e0000000,0x00000000e0000000,0x00000000e4000000)
  from space 5120K, 99% used [0x00000000e4000000,0x00000000e44f8050,0x00000000e4500000)
  to   space 10240K, 0% used [0x00000000e8a00000,0x00000000e8a00000,0x00000000e9400000)
 ParOldGen       total 86016K, used 8331K [0x00000000a0000000, 0x00000000a5400000, 0x00000000e0000000)
  object space 86016K, 9% used [0x00000000a0000000,0x00000000a0822fc0,0x00000000a5400000)
 Metaspace       used 20859K, capacity 21232K, committed 21248K, reserved 1067008K
  class space    used 2914K, capacity 3070K, committed 3072K, reserved 1048576K
Event: 5.572 GC heap after
Heap after GC invocations=6 (full 1):
 PSYoungGen      total 70656K, used 0K [0x00000000e0000000, 0x00000000e9400000, 0x0000000100000000)
  eden space 65536K, 0% used [0x00000000e0000000,0x00000000e0000000,0x00000000e4000000)
  from space 5120K, 0% used [0x00000000e4000000,0x00000000e4000000,0x00000000e4500000)
  to   space 10240K, 0% used [0x00000000e8a00000,0x00000000e8a00000,0x00000000e9400000)
 ParOldGen       total 56832K, used 8159K [0x00000000a0000000, 0x00000000a3780000, 0x00000000e0000000)
  object space 56832K, 14% used [0x00000000a0000000,0x00000000a07f7d48,0x00000000a3780000)
 Metaspace       used 20859K, capacity 21232K, committed 21248K, reserved 1067008K
  class space    used 2914K, capacity 3070K, committed 3072K, reserved 1048576K
}
Event: 6.760 GC heap before
{Heap before GC invocations=7 (full 1):
 PSYoungGen      total 70656K, used 65536K [0x00000000e0000000, 0x00000000e9400000, 0x0000000100000000)
  eden space 65536K, 100% used [0x00000000e0000000,0x00000000e4000000,0x00000000e4000000)
  from space 5120K, 0% used [0x00000000e4000000,0x00000000e4000000,0x00000000e4500000)
  to   space 10240K, 0% used [0x00000000e8a00000,0x00000000e8a00000,0x00000000e9400000)
 ParOldGen       total 56832K, used 8159K [0x00000000a0000000, 0x00000000a3780000, 0x00000000e0000000)
  object space 56832K, 14% used [0x00000000a0000000,0x00000000a07f7d48,0x00000000a3780000)
 Metaspace       used 26562K, capacity 27056K, committed 27136K, reserved 1073152K
  class space    used 3669K, capacity 3829K, committed 3840K, reserved 1048576K
Event: 6.771 GC heap after
Heap after GC invocations=7 (full 1):
 PSYoungGen      total 115200K, used 7222K [0x00000000e0000000, 0x00000000e9180000, 0x0000000100000000)
  eden space 107520K, 0% used [0x00000000e0000000,0x00000000e0000000,0x00000000e6900000)
  from space 7680K, 94% used [0x00000000e8a00000,0x00000000e910d900,0x00000000e9180000)
  to   space 10240K, 0% used [0x00000000e7d80000,0x00000000e7d80000,0x00000000e8780000)
 ParOldGen       total 56832K, used 8167K [0x00000000a0000000, 0x00000000a3780000, 0x00000000e0000000)
  object space 56832K, 14% used [0x00000000a0000000,0x00000000a07f9d48,0x00000000a3780000)
 Metaspace       used 26562K, capacity 27056K, committed 27136K, reserved 1073152K
  class space    used 3669K, capacity 3829K, committed 3840K, reserved 1048576K
}
Event: 8.527 GC heap before
{Heap before GC invocations=8 (full 1):
 PSYoungGen      total 115200K, used 95303K [0x00000000e0000000, 0x00000000e9180000, 0x0000000100000000)
  eden space 107520K, 81% used [0x00000000e0000000,0x00000000e5604408,0x00000000e6900000)
  from space 7680K, 94% used [0x00000000e8a00000,0x00000000e910d900,0x00000000e9180000)
  to   space 10240K, 0% used [0x00000000e7d80000,0x00000000e7d80000,0x00000000e8780000)
 ParOldGen       total 56832K, used 8167K [0x00000000a0000000, 0x00000000a3780000, 0x00000000e0000000)
  object space 56832K, 14% used [0x00000000a0000000,0x00000000a07f9d48,0x00000000a3780000)
 Metaspace       used 34720K, capacity 35278K, committed 35416K, reserved 1079296K
  class space    used 4785K, capacity 4999K, committed 5120K, reserved 1048576K
Event: 8.542 GC heap after
Heap after GC invocations=8 (full 1):
 PSYoungGen      total 117760K, used 10223K [0x00000000e0000000, 0x00000000e9180000, 0x0000000100000000)
  eden space 107520K, 0% used [0x00000000e0000000,0x00000000e0000000,0x00000000e6900000)
  from space 10240K, 99% used [0x00000000e7d80000,0x00000000e877bef0,0x00000000e8780000)
  to   space 7680K, 0% used [0x00000000e8a00000,0x00000000e8a00000,0x00000000e9180000)
 ParOldGen       total 56832K, used 10801K [0x00000000a0000000, 0x00000000a3780000, 0x00000000e0000000)
  object space 56832K, 19% used [0x00000000a0000000,0x00000000a0a8c610,0x00000000a3780000)
 Metaspace       used 34720K, capacity 35278K, committed 35416K, reserved 1079296K
  class space    used 4785K, capacity 4999K, committed 5120K, reserved 1048576K
}
Event: 8.542 GC heap before
{Heap before GC invocations=9 (full 2):
 PSYoungGen      total 117760K, used 10223K [0x00000000e0000000, 0x00000000e9180000, 0x0000000100000000)
  eden space 107520K, 0% used [0x00000000e0000000,0x00000000e0000000,0x00000000e6900000)
  from space 10240K, 99% used [0x00000000e7d80000,0x00000000e877bef0,0x00000000e8780000)
  to   space 7680K, 0% used [0x00000000e8a00000,0x00000000e8a00000,0x00000000e9180000)
 ParOldGen       total 56832K, used 10801K [0x00000000a0000000, 0x00000000a3780000, 0x00000000e0000000)
  object space 56832K, 19% used [0x00000000a0000000,0x00000000a0a8c610,0x00000000a3780000)
 Metaspace       used 34720K, capacity 35278K, committed 35416K, reserved 1079296K
  class space    used 4785K, capacity 4999K, committed 5120K, reserved 1048576K
Event: 8.636 GC heap after
Heap after GC invocations=9 (full 2):
 PSYoungGen      total 117760K, used 0K [0x00000000e0000000, 0x00000000e9180000, 0x0000000100000000)
  eden space 107520K, 0% used [0x00000000e0000000,0x00000000e0000000,0x00000000e6900000)
  from space 10240K, 0% used [0x00000000e7d80000,0x00000000e7d80000,0x00000000e8780000)
  to   space 7680K, 0% used [0x00000000e8a00000,0x00000000e8a00000,0x00000000e9180000)
 ParOldGen       total 56832K, used 19220K [0x00000000a0000000, 0x00000000a3780000, 0x00000000e0000000)
  object space 56832K, 33% used [0x00000000a0000000,0x00000000a12c51c8,0x00000000a3780000)
 Metaspace       used 34720K, capacity 35278K, committed 35416K, reserved 1079296K
  class space    used 4785K, capacity 4999K, committed 5120K, reserved 1048576K
}

