# JRE version: OpenJDK Runtime Environment (8.0_152-b02) (build 1.8.0_152-release-1024-b02)
# Java VM: OpenJDK 64-Bit Server VM (25.152-b02 mixed mode windows-amd64 compressed oops)
Heap:
 PSYoungGen      total 94208K, used 4417K [0x00000000e0000000, 0x00000000e8900000, 0x0000000100000000)
  eden space 82944K, 5% used [0x00000000e0000000,0x00000000e04506f8,0x00000000e5100000)
  from space 11264K, 0% used [0x00000000e5100000,0x00000000e5100000,0x00000000e5c00000)
  to   space 10752K, 0% used [0x00000000e7e80000,0x00000000e7e80000,0x00000000e8900000)
 ParOldGen       total 59904K, used 14267K [0x00000000a0000000, 0x00000000a3a80000, 0x00000000e0000000)
  object space 59904K, 23% used [0x00000000a0000000,0x00000000a0deec90,0x00000000a3a80000)
 Metaspace       used 35177K, capacity 35850K, committed 36056K, reserved 1081344K
  class space    used 4833K, capacity 5037K, committed 5120K, reserved 1048576K
GC Heap History (10 events):
Event: 6.639 GC heap before
{Heap before GC invocations=7 (full 1):
 PSYoungGen      total 37888K, used 32768K [0x00000000e0000000, 0x00000000e5400000, 0x0000000100000000)
  eden space 32768K, 100% used [0x00000000e0000000,0x00000000e2000000,0x00000000e2000000)
  from space 5120K, 0% used [0x00000000e2000000,0x00000000e2000000,0x00000000e2500000)
  to   space 10240K, 0% used [0x00000000e4a00000,0x00000000e4a00000,0x00000000e5400000)
 ParOldGen       total 59904K, used 8159K [0x00000000a0000000, 0x00000000a3a80000, 0x00000000e0000000)
  object space 59904K, 13% used [0x00000000a0000000,0x00000000a07f7e48,0x00000000a3a80000)
 Metaspace       used 24146K, capacity 24576K, committed 24832K, reserved 1071104K
  class space    used 3332K, capacity 3495K, committed 3584K, reserved 1048576K
Event: 6.663 GC heap after
Heap after GC invocations=7 (full 1):
 PSYoungGen      total 57344K, used 3903K [0x00000000e0000000, 0x00000000e4e00000, 0x0000000100000000)
  eden space 53248K, 0% used [0x00000000e0000000,0x00000000e0000000,0x00000000e3400000)
  from space 4096K, 95% used [0x00000000e4a00000,0x00000000e4dcfde0,0x00000000e4e00000)
  to   space 10240K, 0% used [0x00000000e3a00000,0x00000000e3a00000,0x00000000e4400000)
 ParOldGen       total 59904K, used 8167K [0x00000000a0000000, 0x00000000a3a80000, 0x00000000e0000000)
  object space 59904K, 13% used [0x00000000a0000000,0x00000000a07f9e48,0x00000000a3a80000)
 Metaspace       used 24146K, capacity 24576K, committed 24832K, reserved 1071104K
  class space    used 3332K, capacity 3495K, committed 3584K, reserved 1048576K
}
Event: 8.090 GC heap before
{Heap before GC invocations=8 (full 1):
 PSYoungGen      total 57344K, used 57151K [0x00000000e0000000, 0x00000000e4e00000, 0x0000000100000000)
  eden space 53248K, 100% used [0x00000000e0000000,0x00000000e3400000,0x00000000e3400000)
  from space 4096K, 95% used [0x00000000e4a00000,0x00000000e4dcfde0,0x00000000e4e00000)
  to   space 10240K, 0% used [0x00000000e3a00000,0x00000000e3a00000,0x00000000e4400000)
 ParOldGen       total 59904K, used 8167K [0x00000000a0000000, 0x00000000a3a80000, 0x00000000e0000000)
  object space 59904K, 13% used [0x00000000a0000000,0x00000000a07f9e48,0x00000000a3a80000)
 Metaspace       used 27813K, capacity 28304K, committed 28416K, reserved 1073152K
  class space    used 3895K, capacity 4053K, committed 4096K, reserved 1048576K
Event: 8.101 GC heap after
Heap after GC invocations=8 (full 1):
 PSYoungGen      total 69632K, used 6509K [0x00000000e0000000, 0x00000000e6580000, 0x0000000100000000)
  eden space 59392K, 0% used [0x00000000e0000000,0x00000000e0000000,0x00000000e3a00000)
  from space 10240K, 63% used [0x00000000e3a00000,0x00000000e405b6f8,0x00000000e4400000)
  to   space 9728K, 0% used [0x00000000e5c00000,0x00000000e5c00000,0x00000000e6580000)
 ParOldGen       total 59904K, used 8175K [0x00000000a0000000, 0x00000000a3a80000, 0x00000000e0000000)
  object space 59904K, 13% used [0x00000000a0000000,0x00000000a07fbe48,0x00000000a3a80000)
 Metaspace       used 27813K, capacity 28304K, committed 28416K, reserved 1073152K
  class space    used 3895K, capacity 4053K, committed 4096K, reserved 1048576K
}
Event: 10.429 GC heap before
{Heap before GC invocations=9 (full 1):
 PSYoungGen      total 69632K, used 65901K [0x00000000e0000000, 0x00000000e6580000, 0x0000000100000000)
  eden space 59392K, 100% used [0x00000000e0000000,0x00000000e3a00000,0x00000000e3a00000)
  from space 10240K, 63% used [0x00000000e3a00000,0x00000000e405b6f8,0x00000000e4400000)
  to   space 9728K, 0% used [0x00000000e5c00000,0x00000000e5c00000,0x00000000e6580000)
 ParOldGen       total 59904K, used 8175K [0x00000000a0000000, 0x00000000a3a80000, 0x00000000e0000000)
  object space 59904K, 13% used [0x00000000a0000000,0x00000000a07fbe48,0x00000000a3a80000)
 Metaspace       used 33475K, capacity 34070K, committed 34176K, reserved 1079296K
  class space    used 4669K, capacity 4893K, committed 4992K, reserved 1048576K
Event: 10.445 GC heap after
Heap after GC invocations=9 (full 1):
 PSYoungGen      total 92672K, used 9726K [0x00000000e0000000, 0x00000000e7000000, 0x0000000100000000)
  eden space 82944K, 0% used [0x00000000e0000000,0x00000000e0000000,0x00000000e5100000)
  from space 9728K, 99% used [0x00000000e5c00000,0x00000000e657fb10,0x00000000e6580000)
  to   space 11264K, 0% used [0x00000000e5100000,0x00000000e5100000,0x00000000e5c00000)
 ParOldGen       total 59904K, used 8995K [0x00000000a0000000, 0x00000000a3a80000, 0x00000000e0000000)
  object space 59904K, 15% used [0x00000000a0000000,0x00000000a08c8c70,0x00000000a3a80000)
 Metaspace       used 33475K, capacity 34070K, committed 34176K, reserved 1079296K
  class space    used 4669K, capacity 4893K, committed 4992K, reserved 1048576K
}
Event: 10.593 GC heap before
{Heap before GC invocations=10 (full 1):
 PSYoungGen      total 92672K, used 15685K [0x00000000e0000000, 0x00000000e7000000, 0x0000000100000000)
  eden space 82944K, 7% used [0x00000000e0000000,0x00000000e05d1c60,0x00000000e5100000)
  from space 9728K, 99% used [0x00000000e5c00000,0x00000000e657fb10,0x00000000e6580000)
  to   space 11264K, 0% used [0x00000000e5100000,0x00000000e5100000,0x00000000e5c00000)
 ParOldGen       total 59904K, used 8995K [0x00000000a0000000, 0x00000000a3a80000, 0x00000000e0000000)
  object space 59904K, 15% used [0x00000000a0000000,0x00000000a08c8c70,0x00000000a3a80000)
 Metaspace       used 34578K, capacity 35182K, committed 35416K, reserved 1079296K
  class space    used 4771K, capacity 4967K, committed 4992K, reserved 1048576K
Event: 10.603 GC heap after
Heap after GC invocations=10 (full 1):
 PSYoungGen      total 94208K, used 6159K [0x00000000e0000000, 0x00000000e8900000, 0x0000000100000000)
  eden space 82944K, 0% used [0x00000000e0000000,0x00000000e0000000,0x00000000e5100000)
  from space 11264K, 54% used [0x00000000e5100000,0x00000000e5703da0,0x00000000e5c00000)
  to   space 10752K, 0% used [0x00000000e7e80000,0x00000000e7e80000,0x00000000e8900000)
 ParOldGen       total 59904K, used 10511K [0x00000000a0000000, 0x00000000a3a80000, 0x00000000e0000000)
  object space 59904K, 17% used [0x00000000a0000000,0x00000000a0a43cf0,0x00000000a3a80000)
 Metaspace       used 34578K, capacity 35182K, committed 35416K, reserved 1079296K
  class space    used 4771K, capacity 4967K, committed 4992K, reserved 1048576K
}
Event: 10.603 GC heap before
{Heap before GC invocations=11 (full 2):
 PSYoungGen      total 94208K, used 6159K [0x00000000e0000000, 0x00000000e8900000, 0x0000000100000000)
  eden space 82944K, 0% used [0x00000000e0000000,0x00000000e0000000,0x00000000e5100000)
  from space 11264K, 54% used [0x00000000e5100000,0x00000000e5703da0,0x00000000e5c00000)
  to   space 10752K, 0% used [0x00000000e7e80000,0x00000000e7e80000,0x00000000e8900000)
 ParOldGen       total 59904K, used 10511K [0x00000000a0000000, 0x00000000a3a80000, 0x00000000e0000000)
  object space 59904K, 17% used [0x00000000a0000000,0x00000000a0a43cf0,0x00000000a3a80000)
 Metaspace       used 34578K, capacity 35182K, committed 35416K, reserved 1079296K
  class space    used 4771K, capacity 4967K, committed 4992K, reserved 1048576K
Event: 10.740 GC heap after
Heap after GC invocations=11 (full 2):
 PSYoungGen      total 94208K, used 0K [0x00000000e0000000, 0x00000000e8900000, 0x0000000100000000)
  eden space 82944K, 0% used [0x00000000e0000000,0x00000000e0000000,0x00000000e5100000)
  from space 11264K, 0% used [0x00000000e5100000,0x00000000e5100000,0x00000000e5c00000)
  to   space 10752K, 0% used [0x00000000e7e80000,0x00000000e7e80000,0x00000000e8900000)
 ParOldGen       total 59904K, used 14267K [0x00000000a0000000, 0x00000000a3a80000, 0x00000000e0000000)
  object space 59904K, 23% used [0x00000000a0000000,0x00000000a0deec90,0x00000000a3a80000)
 Metaspace       used 34578K, capacity 35182K, committed 35416K, reserved 1079296K
  class space    used 4771K, capacity 4967K, committed 4992K, reserved 1048576K
}

